<?xml version="1.0" encoding="UTF-8"?>
<!-- Generated by org.testng.reporters.JUnitReportReporter -->
<testsuite hostname="LTIN509717" failures="0" tests="3" name="testRunner.TestRunner" time="72.836" errors="0" timestamp="2024-04-18T15:39:13 IST" skipped="0">
  <testcase classname="testRunner.TestRunner" name="runScenario" time="31.927"/>
  <testcase classname="testRunner.TestRunner" name="runScenario" time="20.427"/>
  <testcase classname="testRunner.TestRunner" name="runScenario" time="20.482"/>
</testsuite> <!-- testRunner.TestRunner -->
