<?xml version="1.0" encoding="UTF-8"?>
<!-- Generated by org.testng.reporters.JUnitReportReporter -->
<testsuite hostname="LTIN509717" failures="0" tests="5" name="testCases.Identify_courses" time="20.561" errors="0" timestamp="2024-04-16T14:45:55 IST" skipped="0">
  <testcase classname="testCases.Identify_courses" name="select_Courses_With_Given_Filters" time="5.234"/>
  <testcase classname="testCases.Identify_courses" name="click_On_First_Course" time="1.659"/>
  <testcase classname="testCases.Identify_courses" name="get_The_Details_Of_First_Course" time="9.326"/>
  <testcase classname="testCases.Identify_courses" name="click_On_Second_Course" time="0.284"/>
  <testcase classname="testCases.Identify_courses" name="get_Details_Of_Second_Course" time="4.058"/>
</testsuite> <!-- testCases.Identify_courses -->
