<?xml version="1.0" encoding="UTF-8"?>
<!-- Generated by org.testng.reporters.JUnitReportReporter -->
<testsuite hostname="LTIN509717" failures="0" tests="1" name="testRunner.TestRunner" time="42.421" errors="0" timestamp="2024-04-24T15:17:41 IST" skipped="0">
  <testcase classname="testRunner.TestRunner" name="runScenario" time="42.421"/>
</testsuite> <!-- testRunner.TestRunner -->
