<?xml version="1.0" encoding="UTF-8"?>
<!-- Generated by org.testng.reporters.JUnitReportReporter -->
<testsuite hostname="LTIN509717" failures="0" tests="3" name="testRunner.TestRunner" time="81.813" errors="0" timestamp="2024-04-18T17:26:03 IST" skipped="0">
  <testcase classname="testRunner.TestRunner" name="runScenario" time="35.884"/>
  <testcase classname="testRunner.TestRunner" name="runScenario" time="23.433"/>
  <testcase classname="testRunner.TestRunner" name="runScenario" time="22.496"/>
</testsuite> <!-- testRunner.TestRunner -->
