<?xml version="1.0" encoding="UTF-8"?>
<!-- Generated by org.testng.reporters.JUnitReportReporter -->
<testsuite hostname="LTIN509717" failures="0" tests="3" name="testRunner.TestRunner" time="185.773" errors="0" timestamp="2024-04-21T23:40:06 IST" skipped="0">
  <testcase classname="testRunner.TestRunner" name="runScenario" time="55.267"/>
  <testcase classname="testRunner.TestRunner" name="runScenario" time="72.837"/>
  <testcase classname="testRunner.TestRunner" name="runScenario" time="57.669"/>
</testsuite> <!-- testRunner.TestRunner -->
