<?xml version="1.0" encoding="UTF-8"?>
<!-- Generated by org.testng.reporters.JUnitReportReporter -->
<testsuite hostname="LTIN509717" failures="0" tests="3" name="testRunner.TestRunner" time="74.518" errors="0" timestamp="2024-04-18T20:52:52 IST" skipped="0">
  <testcase classname="testRunner.TestRunner" name="runScenario" time="20.821"/>
  <testcase classname="testRunner.TestRunner" name="runScenario" time="31.458"/>
  <testcase classname="testRunner.TestRunner" name="runScenario" time="22.239"/>
</testsuite> <!-- testRunner.TestRunner -->
