<?xml version="1.0" encoding="UTF-8"?>
<!-- Generated by org.testng.reporters.JUnitReportReporter -->
<testsuite hostname="LTIN509717" failures="0" tests="3" name="testRunner.TestRunner" time="193.680" errors="0" timestamp="2024-04-16T02:49:18 IST" skipped="0">
  <testcase classname="testRunner.TestRunner" name="runScenario" time="81.028"/>
  <testcase classname="testRunner.TestRunner" name="runScenario" time="57.169"/>
  <testcase classname="testRunner.TestRunner" name="runScenario" time="55.483"/>
</testsuite> <!-- testRunner.TestRunner -->
